[0;32mProgram Start at: 2016-05-31 10:58:55[0m
[0;32mProgram version: v1[0m
Arguments: ./imm -dataset ./flixster_learn/ -model IC -k 50 -epsilon 0.1 
--------------------------------------------------------------------------------
s=95969 
arg.T=6.95272e-310 
--------------------------------------------------------------------------------
./flixster_learn/ k=50 epsilon=0.1 IC
########## Step1 ########## 
x=1 estimate_influence=20670.1 
x=2 estimate_influence=20468.2 
x=3 estimate_influence=20454.8 
########## Step2 ########## 
opt_lower_bound=17920.5 
step2 finish 
g.seedSet=18 43 49 66 67 85 87 127 129 136 194 220 296 353 416 466 501 514 531 536 543 669 670 782 786 791 799 828 834 902 923 974 977 1010 1757 2127 2140 2938 3333 4032 4403 4998 5395 6206 7386 8201 8510 8720 36061 44628 
g.InfluenceHyperGraph()=20450.6 
########## Timer ########## 
Spend  11.768663 seconds on step1
Spend  1.263488 seconds on step2
Spend  13.032200 seconds on InfluenceMaximize(Total Time)
[0;31mProgram Terminate at: 2016-05-31 10:59:04[0m
[0;31mProgram version: v1[0m
